<?xml version="1.0" encoding="UTF-8"?>
<testsuite name="hello.services.ThingServicesSpec" tests="6" skipped="0" failures="0" errors="0" timestamp="2019-06-07T20:20:12" hostname="yuliban" time="0.369">
  <properties/>
  <testcase name="failSavingThingInMock" classname="hello.services.ThingServicesSpec" time="0.333"/>
  <testcase name="getThingFromH2" classname="hello.services.ThingServicesSpec" time="0.026"/>
  <testcase name="saveThing" classname="hello.services.ThingServicesSpec" time="0.003"/>
  <testcase name="failSavingThingInH2" classname="hello.services.ThingServicesSpec" time="0.004"/>
  <testcase name="getNoneFromH2" classname="hello.services.ThingServicesSpec" time="0.002"/>
  <testcase name="getThingFromMock" classname="hello.services.ThingServicesSpec" time="0.001"/>
  <system-out><![CDATA[]]></system-out>
  <system-err><![CDATA[]]></system-err>
</testsuite>
